{"/Users/yanishelali/Documents/ecole/Devops/todo-api/src/app.js": {"path":"/Users/yanishelali/Documents/ecole/Devops/todo-api/src/app.js","statementMap":{"0":{"start":{"line":1,"column":16},"end":{"line":1,"column":34}},"1":{"start":{"line":2,"column":13},"end":{"line":2,"column":28}},"2":{"start":{"line":3,"column":15},"end":{"line":3,"column":32}},"3":{"start":{"line":4,"column":19},"end":{"line":4,"column":44}},"4":{"start":{"line":5,"column":21},"end":{"line":5,"column":57}},"5":{"start":{"line":7,"column":0},"end":{"line":7,"column":27}},"6":{"start":{"line":9,"column":12},"end":{"line":9,"column":21}},"7":{"start":{"line":11,"column":0},"end":{"line":11,"column":18}},"8":{"start":{"line":12,"column":0},"end":{"line":12,"column":16}},"9":{"start":{"line":13,"column":0},"end":{"line":13,"column":24}},"10":{"start":{"line":15,"column":0},"end":{"line":17,"column":3}},"11":{"start":{"line":16,"column":2},"end":{"line":16,"column":52}},"12":{"start":{"line":19,"column":0},"end":{"line":19,"column":34}},"13":{"start":{"line":20,"column":0},"end":{"line":20,"column":22}},"14":{"start":{"line":22,"column":0},"end":{"line":22,"column":21}}},"fnMap":{"0":{"name":"(anonymous_0)","decl":{"start":{"line":15,"column":19},"end":{"line":15,"column":20}},"loc":{"start":{"line":15,"column":33},"end":{"line":17,"column":1}},"line":15}},"branchMap":{},"s":{"0":1,"1":1,"2":1,"3":1,"4":1,"5":1,"6":1,"7":1,"8":1,"9":1,"10":1,"11":0,"12":1,"13":1,"14":1},"f":{"0":0},"b":{},"_coverageSchema":"1a1c01bbd47fc00a2c39e90264f33305004495a9","hash":"58a7e832eaef700568acafcaa8bbcdbcb96100f7"}
,"/Users/yanishelali/Documents/ecole/Devops/todo-api/src/middleware/errorHandler.js": {"path":"/Users/yanishelali/Documents/ecole/Devops/todo-api/src/middleware/errorHandler.js","statementMap":{"0":{"start":{"line":1,"column":0},"end":{"line":4,"column":2}},"1":{"start":{"line":2,"column":2},"end":{"line":2,"column":27}},"2":{"start":{"line":3,"column":2},"end":{"line":3,"column":59}}},"fnMap":{"0":{"name":"(anonymous_0)","decl":{"start":{"line":1,"column":17},"end":{"line":1,"column":18}},"loc":{"start":{"line":1,"column":42},"end":{"line":4,"column":1}},"line":1}},"branchMap":{},"s":{"0":1,"1":0,"2":0},"f":{"0":0},"b":{},"_coverageSchema":"1a1c01bbd47fc00a2c39e90264f33305004495a9","hash":"79ac80373e1d89924409ef44862dd0494105a539"}
,"/Users/yanishelali/Documents/ecole/Devops/todo-api/src/models/task.js": {"path":"/Users/yanishelali/Documents/ecole/Devops/todo-api/src/models/task.js","statementMap":{"0":{"start":{"line":2,"column":29},"end":{"line":2,"column":49}},"1":{"start":{"line":6,"column":4},"end":{"line":21,"column":7}},"2":{"start":{"line":25,"column":0},"end":{"line":25,"column":22}}},"fnMap":{"0":{"name":"(anonymous_0)","decl":{"start":{"line":5,"column":2},"end":{"line":5,"column":3}},"loc":{"start":{"line":5,"column":30},"end":{"line":22,"column":3}},"line":5}},"branchMap":{},"s":{"0":2,"1":1,"2":2},"f":{"0":1},"b":{},"_coverageSchema":"1a1c01bbd47fc00a2c39e90264f33305004495a9","hash":"0a1aabd6d6fce05af029de9a69ce607ffb13c286"}
,"/Users/yanishelali/Documents/ecole/Devops/todo-api/src/routes/tasks.js": {"path":"/Users/yanishelali/Documents/ecole/Devops/todo-api/src/routes/tasks.js","statementMap":{"0":{"start":{"line":1,"column":16},"end":{"line":1,"column":34}},"1":{"start":{"line":2,"column":15},"end":{"line":2,"column":31}},"2":{"start":{"line":3,"column":13},"end":{"line":3,"column":38}},"3":{"start":{"line":6,"column":0},"end":{"line":13,"column":3}},"4":{"start":{"line":7,"column":2},"end":{"line":12,"column":3}},"5":{"start":{"line":8,"column":17},"end":{"line":8,"column":44}},"6":{"start":{"line":9,"column":4},"end":{"line":9,"column":31}},"7":{"start":{"line":11,"column":4},"end":{"line":11,"column":49}},"8":{"start":{"line":16,"column":0},"end":{"line":19,"column":3}},"9":{"start":{"line":17,"column":16},"end":{"line":17,"column":36}},"10":{"start":{"line":18,"column":2},"end":{"line":18,"column":18}},"11":{"start":{"line":22,"column":0},"end":{"line":25,"column":3}},"12":{"start":{"line":23,"column":15},"end":{"line":23,"column":49}},"13":{"start":{"line":24,"column":2},"end":{"line":24,"column":76}},"14":{"start":{"line":28,"column":0},"end":{"line":33,"column":3}},"15":{"start":{"line":29,"column":20},"end":{"line":31,"column":4}},"16":{"start":{"line":32,"column":2},"end":{"line":32,"column":102}},"17":{"start":{"line":36,"column":0},"end":{"line":41,"column":3}},"18":{"start":{"line":37,"column":18},"end":{"line":39,"column":4}},"19":{"start":{"line":40,"column":2},"end":{"line":40,"column":102}},"20":{"start":{"line":43,"column":0},"end":{"line":43,"column":24}}},"fnMap":{"0":{"name":"(anonymous_0)","decl":{"start":{"line":6,"column":17},"end":{"line":6,"column":18}},"loc":{"start":{"line":6,"column":37},"end":{"line":13,"column":1}},"line":6},"1":{"name":"(anonymous_1)","decl":{"start":{"line":16,"column":16},"end":{"line":16,"column":17}},"loc":{"start":{"line":16,"column":36},"end":{"line":19,"column":1}},"line":16},"2":{"name":"(anonymous_2)","decl":{"start":{"line":22,"column":19},"end":{"line":22,"column":20}},"loc":{"start":{"line":22,"column":39},"end":{"line":25,"column":1}},"line":22},"3":{"name":"(anonymous_3)","decl":{"start":{"line":28,"column":19},"end":{"line":28,"column":20}},"loc":{"start":{"line":28,"column":39},"end":{"line":33,"column":1}},"line":28},"4":{"name":"(anonymous_4)","decl":{"start":{"line":36,"column":22},"end":{"line":36,"column":23}},"loc":{"start":{"line":36,"column":42},"end":{"line":41,"column":1}},"line":36}},"branchMap":{"0":{"loc":{"start":{"line":24,"column":2},"end":{"line":24,"column":75}},"type":"cond-expr","locations":[{"start":{"line":24,"column":9},"end":{"line":24,"column":23}},{"start":{"line":24,"column":26},"end":{"line":24,"column":75}}],"line":24},"1":{"loc":{"start":{"line":32,"column":2},"end":{"line":32,"column":101}},"type":"cond-expr","locations":[{"start":{"line":32,"column":12},"end":{"line":32,"column":49}},{"start":{"line":32,"column":52},"end":{"line":32,"column":101}}],"line":32},"2":{"loc":{"start":{"line":40,"column":2},"end":{"line":40,"column":101}},"type":"cond-expr","locations":[{"start":{"line":40,"column":12},"end":{"line":40,"column":49}},{"start":{"line":40,"column":52},"end":{"line":40,"column":101}}],"line":40}},"s":{"0":1,"1":1,"2":1,"3":1,"4":1,"5":1,"6":1,"7":0,"8":1,"9":1,"10":1,"11":1,"12":2,"13":2,"14":1,"15":1,"16":1,"17":1,"18":1,"19":1,"20":1},"f":{"0":1,"1":1,"2":2,"3":1,"4":1},"b":{"0":[1,1],"1":[1,0],"2":[1,0]},"_coverageSchema":"1a1c01bbd47fc00a2c39e90264f33305004495a9","hash":"2ffedd7371ce7071daa82660ebff308f7b40bf07"}
}
