TN:
SF:src/app.js
FN:15,(anonymous_0)
FNF:1
FNH:0
FNDA:0,(anonymous_0)
DA:1,1
DA:2,1
DA:3,1
DA:4,1
DA:5,1
DA:7,1
DA:9,1
DA:11,1
DA:12,1
DA:13,1
DA:15,1
DA:16,0
DA:19,1
DA:20,1
DA:22,1
LF:15
LH:14
BRF:0
BRH:0
end_of_record
TN:
SF:src/middleware/errorHandler.js
FN:1,(anonymous_0)
FNF:1
FNH:0
FNDA:0,(anonymous_0)
DA:1,1
DA:2,0
DA:3,0
LF:3
LH:1
BRF:0
BRH:0
end_of_record
TN:
SF:src/models/task.js
FN:5,(anonymous_0)
FNF:1
FNH:1
FNDA:1,(anonymous_0)
DA:2,2
DA:6,1
DA:25,2
LF:3
LH:3
BRF:0
BRH:0
end_of_record
TN:
SF:src/routes/tasks.js
FN:6,(anonymous_0)
FN:16,(anonymous_1)
FN:22,(anonymous_2)
FN:28,(anonymous_3)
FN:36,(anonymous_4)
FNF:5
FNH:5
FNDA:1,(anonymous_0)
FNDA:1,(anonymous_1)
FNDA:2,(anonymous_2)
FNDA:1,(anonymous_3)
FNDA:1,(anonymous_4)
DA:1,1
DA:2,1
DA:3,1
DA:6,1
DA:7,1
DA:8,1
DA:9,1
DA:11,0
DA:16,1
DA:17,1
DA:18,1
DA:22,1
DA:23,2
DA:24,2
DA:28,1
DA:29,1
DA:32,1
DA:36,1
DA:37,1
DA:40,1
DA:43,1
LF:21
LH:20
BRDA:24,0,0,1
BRDA:24,0,1,1
BRDA:32,1,0,1
BRDA:32,1,1,0
BRDA:40,2,0,1
BRDA:40,2,1,0
BRF:6
BRH:4
end_of_record
